Copyright 1986-2019 Xilinx, Inc. All Rights Reserved.
------------------------------------------------------------------------------------
| Tool Version : Vivado v.2019.2 (win64) Build 2708876 Wed Nov  6 21:40:23 MST 2019
| Date         : Thu Jan 21 21:40:08 2021
| Host         : Zapman running 64-bit major release  (build 9200)
| Command      : upgrade_ip
| Device       : xc7z020clg484-1
------------------------------------------------------------------------------------

Upgrade Log for IP 'RootDesign_SimpleFilter_0_0'

1. Summary
----------

SUCCESS in the upgrade of RootDesign_SimpleFilter_0_0 (xilinx.com:user:SimpleFilter:1.0) from (Rev. 5) to (Rev. 8)






Copyright 1986-2019 Xilinx, Inc. All Rights Reserved.
------------------------------------------------------------------------------------
| Tool Version : Vivado v.2019.2 (win64) Build 2708876 Wed Nov  6 21:40:23 MST 2019
| Date         : Thu Jan 21 21:10:33 2021
| Host         : Zapman running 64-bit major release  (build 9200)
| Command      : upgrade_ip
| Device       : xc7z020clg484-1
------------------------------------------------------------------------------------

Upgrade Log for IP 'RootDesign_SimpleFilter_0_0'

1. Summary
----------

SUCCESS in the upgrade of RootDesign_SimpleFilter_0_0 (xilinx.com:user:SimpleFilter:1.0) from (Rev. 3) to (Rev. 5)






Copyright 1986-2019 Xilinx, Inc. All Rights Reserved.
------------------------------------------------------------------------------------
| Tool Version : Vivado v.2019.2 (win64) Build 2708876 Wed Nov  6 21:40:23 MST 2019
| Date         : Thu Jan 21 20:04:52 2021
| Host         : Zapman running 64-bit major release  (build 9200)
| Command      : upgrade_ip
| Device       : xc7z020clg484-1
------------------------------------------------------------------------------------

Upgrade Log for IP 'RootDesign_SimpleFilter_0_0'

1. Summary
----------

CAUTION (success, with warnings) in the upgrade of RootDesign_SimpleFilter_0_0 (xilinx.com:user:SimpleFilter:1.0) from (Rev. 1) to (Rev. 3)

After upgrade, an IP may have parameter and port differences compared to the original customization. Please review the parameters within the IP customization GUI to ensure proper functionality. Also, please review the updated IP instantiation template to ensure proper connectivity, and update your design if required.

2. Connection Warnings
----------------------

Detected external port differences while upgrading 'RootDesign_SimpleFilter_0_0'. These changes may impact your design.


-Upgraded port order differs after port 's00_axis_aclk'


